[2022-08-24 01:48:29,895] {taskinstance.py:1179} INFO - Dependencies all met for <TaskInstance: raizen_lab_01.carga_arquivo manual__2022-08-24T01:47:24.897486+00:00 [queued]>
[2022-08-24 01:48:29,908] {taskinstance.py:1179} INFO - Dependencies all met for <TaskInstance: raizen_lab_01.carga_arquivo manual__2022-08-24T01:47:24.897486+00:00 [queued]>
[2022-08-24 01:48:29,909] {taskinstance.py:1376} INFO - 
--------------------------------------------------------------------------------
[2022-08-24 01:48:29,910] {taskinstance.py:1377} INFO - Starting attempt 2 of 2
[2022-08-24 01:48:29,911] {taskinstance.py:1378} INFO - 
--------------------------------------------------------------------------------
[2022-08-24 01:48:29,932] {taskinstance.py:1397} INFO - Executing <Task(PythonOperator): carga_arquivo> on 2022-08-24 01:47:24.897486+00:00
[2022-08-24 01:48:29,975] {standard_task_runner.py:52} INFO - Started process 140 to run task
[2022-08-24 01:48:29,981] {standard_task_runner.py:79} INFO - Running: ['***', 'tasks', 'run', 'raizen_lab_01', 'carga_arquivo', 'manual__2022-08-24T01:47:24.897486+00:00', '--job-id', '9630', '--raw', '--subdir', 'DAGS_FOLDER/raizen_lab_01.py', '--cfg-path', '/tmp/tmpxu83lr9u', '--error-file', '/tmp/tmp5yfjkj2q']
[2022-08-24 01:48:29,983] {standard_task_runner.py:80} INFO - Job 9630: Subtask carga_arquivo
[2022-08-24 01:48:30,101] {task_command.py:371} INFO - Running <TaskInstance: raizen_lab_01.carga_arquivo manual__2022-08-24T01:47:24.897486+00:00 [running]> on host b8d797566373
[2022-08-24 01:48:30,200] {taskinstance.py:1591} INFO - Exporting the following env vars:
AIRFLOW_CTX_DAG_OWNER=admin
AIRFLOW_CTX_DAG_ID=raizen_lab_01
AIRFLOW_CTX_TASK_ID=carga_arquivo
AIRFLOW_CTX_EXECUTION_DATE=2022-08-24T01:47:24.897486+00:00
AIRFLOW_CTX_TRY_NUMBER=2
AIRFLOW_CTX_DAG_RUN_ID=manual__2022-08-24T01:47:24.897486+00:00
[2022-08-24 01:48:31,259] {taskinstance.py:1909} ERROR - Task failed with exception
Traceback (most recent call last):
  File "/home/airflow/.local/lib/python3.7/site-packages/pandas/io/sql.py", line 2056, in execute
    cur.execute(*args, **kwargs)
  File "/home/airflow/.local/lib/python3.7/site-packages/pymysql/cursors.py", line 146, in execute
    query = self.mogrify(query, args)
  File "/home/airflow/.local/lib/python3.7/site-packages/pymysql/cursors.py", line 125, in mogrify
    query = query % self._escape_args(args, conn)
TypeError: not all arguments converted during string formatting

The above exception was the direct cause of the following exception:

Traceback (most recent call last):
  File "/home/airflow/.local/lib/python3.7/site-packages/airflow/operators/python.py", line 171, in execute
    return_value = self.execute_callable()
  File "/home/airflow/.local/lib/python3.7/site-packages/airflow/operators/python.py", line 189, in execute_callable
    return self.python_callable(*self.op_args, **self.op_kwargs)
  File "/opt/airflow/dags/raizen_lab_01.py", line 47, in carga_arquivo
    sql.to_sql(frame = df, name='modelo',con=con, if_exists='append',index=False)
  File "/home/airflow/.local/lib/python3.7/site-packages/pandas/io/sql.py", line 728, in to_sql
    **engine_kwargs,
  File "/home/airflow/.local/lib/python3.7/site-packages/pandas/io/sql.py", line 2225, in to_sql
    table.create()
  File "/home/airflow/.local/lib/python3.7/site-packages/pandas/io/sql.py", line 856, in create
    if self.exists():
  File "/home/airflow/.local/lib/python3.7/site-packages/pandas/io/sql.py", line 840, in exists
    return self.pd_sql.has_table(self.name, self.schema)
  File "/home/airflow/.local/lib/python3.7/site-packages/pandas/io/sql.py", line 2236, in has_table
    return len(self.execute(query, [name]).fetchall()) > 0
  File "/home/airflow/.local/lib/python3.7/site-packages/pandas/io/sql.py", line 2068, in execute
    raise ex from exc
pandas.io.sql.DatabaseError: Execution failed on sql 'SELECT name FROM sqlite_master WHERE type='table' AND name=?;': not all arguments converted during string formatting
[2022-08-24 01:48:31,283] {taskinstance.py:1420} INFO - Marking task as FAILED. dag_id=raizen_lab_01, task_id=carga_arquivo, execution_date=20220824T014724, start_date=20220824T014829, end_date=20220824T014831
[2022-08-24 01:48:31,307] {standard_task_runner.py:97} ERROR - Failed to execute job 9630 for task carga_arquivo (Execution failed on sql 'SELECT name FROM sqlite_master WHERE type='table' AND name=?;': not all arguments converted during string formatting; 140)
[2022-08-24 01:48:31,359] {local_task_job.py:156} INFO - Task exited with return code 1
[2022-08-24 01:48:31,475] {local_task_job.py:273} INFO - 0 downstream tasks scheduled from follow-on schedule check
